<?xml version="1.0" encoding="UTF-8"?>
<testsuite xmlns:xsi="http://www.w3.org/2001/XMLSchema-instance" xsi:noNamespaceSchemaLocation="https://maven.apache.org/surefire/maven-surefire-plugin/xsd/surefire-test-report.xsd" version="3.0.2" name="chatbot.ChatbotApplicationTests" time="14.817" tests="1" errors="0" skipped="0" failures="0">
  <properties>
[...]
</properties>
  <testcase name="contextLoads" classname="chatbot.ChatbotApplicationTests" time="2.766">
    <system-out><![CDATA[16:52:42.694 [main] INFO org.springframework.test.context.support.AnnotationConfigContextLoaderUtils -- Could not detect default configuration classes for test class [chatbot.ChatbotApplicationTests]: ChatbotApplicationTests does not declare any static, non-private, non-final, nested classes annotated with @Configuration.
16:52:43.235 [main] INFO org.springframework.boot.test.context.SpringBootTestContextBootstrapper -- Found @SpringBootConfiguration chatbot.ChatbotApplication for test class chatbot.ChatbotApplicationTests
16:52:44.377 [main] INFO org.springframework.boot.devtools.restart.RestartApplicationListener -- Restart disabled due to context in which it is running

  .   ____          _            __ _ _
 /\\ / ___'_ __ _ _(_)_ __  __ _ \ \ \ \
( ( )\___ | '_ | '_| | '_ \/ _` | \ \ \ \
 \\/  ___)| |_)| | | | | || (_| |  ) ) ) )
  '  |____| .__|_| |_|_| |_\__, | / / / /
 =========|_|==============|___/=/_/_/_/

 :: Spring Boot ::                (v3.4.2)

2025-02-11T16:52:46.025+05:30  INFO 9804 --- [chatbot] [           main] chatbot.ChatbotApplicationTests          : Starting ChatbotApplicationTests using Java 23.0.1 with PID 9804 (started by vidhema in e:\Chatbot)
2025-02-11T16:52:46.029+05:30  INFO 9804 --- [chatbot] [           main] chatbot.ChatbotApplicationTests          : No active profile set, falling back to 1 default profile: "default"
2025-02-11T16:52:49.115+05:30  INFO 9804 --- [chatbot] [           main] .s.d.r.c.RepositoryConfigurationDelegate : Bootstrapping Spring Data MongoDB repositories in DEFAULT mode.
2025-02-11T16:52:49.378+05:30  INFO 9804 --- [chatbot] [           main] .s.d.r.c.RepositoryConfigurationDelegate : Finished Spring Data repository scanning in 238 ms. Found 1 MongoDB repository interface.
2025-02-11T16:52:51.066+05:30  INFO 9804 --- [chatbot] [ykh.mongodb.net] org.mongodb.driver.cluster               : Adding discovered server cluster0-shard-00-01.4wykh.mongodb.net:27017 to client view of cluster
2025-02-11T16:52:51.092+05:30  INFO 9804 --- [chatbot] [           main] org.mongodb.driver.client                : MongoClient with metadata {"application": {"name": "Cluster0"}, "driver": {"name": "mongo-java-driver|sync|spring-boot", "version": "5.2.1"}, "os": {"type": "Windows", "name": "Windows 10", "architecture": "amd64", "version": "10.0"}, "platform": "Java/Oracle Corporation/23.0.1+11-39"} created with settings MongoClientSettings{readPreference=primary, writeConcern=WriteConcern{w=majority, wTimeout=null ms, journal=null}, retryWrites=true, retryReads=true, readConcern=ReadConcern{level=null}, credential=MongoCredential{mechanism=null, userName='developer', source='admin', password=<hidden>, mechanismProperties=<hidden>}, transportSettings=null, commandListeners=[], codecRegistry=ProvidersCodecRegistry{codecProviders=[ValueCodecProvider{}, BsonValueCodecProvider{}, DBRefCodecProvider{}, DBObjectCodecProvider{}, DocumentCodecProvider{}, CollectionCodecProvider{}, IterableCodecProvider{}, MapCodecProvider{}, GeoJsonCodecProvider{}, GridFSFileCodecProvider{}, Jsr310CodecProvider{}, JsonObjectCodecProvider{}, BsonCodecProvider{}, EnumCodecProvider{}, com.mongodb.client.model.mql.ExpressionCodecProvider@4ed15347, com.mongodb.Jep395RecordCodecProvider@6963b88c, com.mongodb.KotlinCodecProvider@ab24484]}, loggerSettings=LoggerSettings{maxDocumentLength=1000}, clusterSettings={hosts=[127.0.0.1:27017], srvHost=cluster0.4wykh.mongodb.net, srvServiceName=mongodb, mode=MULTIPLE, requiredClusterType=REPLICA_SET, requiredReplicaSetName='atlas-ttxciy-shard-0', serverSelector='null', clusterListeners='[]', serverSelectionTimeout='30000 ms', localThreshold='15 ms'}, socketSettings=SocketSettings{connectTimeoutMS=10000, readTimeoutMS=0, receiveBufferSize=0, proxySettings=ProxySettings{host=null, port=null, username=null, password=null}}, heartbeatSocketSettings=SocketSettings{connectTimeoutMS=10000, readTimeoutMS=10000, receiveBufferSize=0, proxySettings=ProxySettings{host=null, port=null, username=null, password=null}}, connectionPoolSettings=ConnectionPoolSettings{maxSize=100, minSize=0, maxWaitTimeMS=120000, maxConnectionLifeTimeMS=0, maxConnectionIdleTimeMS=0, maintenanceInitialDelayMS=0, maintenanceFrequencyMS=60000, connectionPoolListeners=[], maxConnecting=2}, serverSettings=ServerSettings{heartbeatFrequencyMS=10000, minHeartbeatFrequencyMS=500, serverMonitoringMode=AUTO, serverListeners='[]', serverMonitorListeners='[]'}, sslSettings=SslSettings{enabled=true, invalidHostNameAllowed=false, context=null}, applicationName='Cluster0', compressorList=[], uuidRepresentation=JAVA_LEGACY, serverApi=null, autoEncryptionSettings=null, dnsClient=null, inetAddressResolver=null, contextProvider=null, timeoutMS=null}
2025-02-11T16:52:51.149+05:30  INFO 9804 --- [chatbot] [ykh.mongodb.net] org.mongodb.driver.cluster               : Adding discovered server cluster0-shard-00-00.4wykh.mongodb.net:27017 to client view of cluster
2025-02-11T16:52:51.156+05:30  INFO 9804 --- [chatbot] [ykh.mongodb.net] org.mongodb.driver.cluster               : Adding discovered server cluster0-shard-00-02.4wykh.mongodb.net:27017 to client view of cluster
2025-02-11T16:52:52.392+05:30  INFO 9804 --- [chatbot] [ngodb.net:27017] org.mongodb.driver.cluster               : Monitor thread successfully connected to server with description ServerDescription{address=cluster0-shard-00-01.4wykh.mongodb.net:27017, type=REPLICA_SET_SECONDARY, cryptd=false, state=CONNECTED, ok=true, minWireVersion=0, maxWireVersion=25, maxDocumentSize=16777216, logicalSessionTimeoutMinutes=30, roundTripTimeNanos=649949600, minRoundTripTimeNanos=0, setName='atlas-ttxciy-shard-0', canonicalAddress=cluster0-shard-00-01.4wykh.mongodb.net:27017, hosts=[cluster0-shard-00-00.4wykh.mongodb.net:27017, cluster0-shard-00-01.4wykh.mongodb.net:27017, cluster0-shard-00-02.4wykh.mongodb.net:27017], passives=[], arbiters=[], primary='cluster0-shard-00-02.4wykh.mongodb.net:27017', tagSet=TagSet{[Tag{name='availabilityZone', value='aps1-az3'}, Tag{name='diskState', value='READY'}, Tag{name='nodeType', value='ELECTABLE'}, Tag{name='provider', value='AWS'}, Tag{name='region', value='AP_SOUTH_1'}, Tag{name='workloadType', value='OPERATIONAL'}]}, electionId=null, setVersion=184, topologyVersion=TopologyVersion{processId=67a7ba29ee732a2641e8de44, counter=3}, lastWriteDate=Tue Feb 11 16:52:52 IST 2025, lastUpdateTimeNanos=348346361624800}
2025-02-11T16:52:52.392+05:30  INFO 9804 --- [chatbot] [ngodb.net:27017] org.mongodb.driver.cluster               : Monitor thread successfully connected to server with description ServerDescription{address=cluster0-shard-00-00.4wykh.mongodb.net:27017, type=REPLICA_SET_SECONDARY, cryptd=false, state=CONNECTED, ok=true, minWireVersion=0, maxWireVersion=25, maxDocumentSize=16777216, logicalSessionTimeoutMinutes=30, roundTripTimeNanos=648966800, minRoundTripTimeNanos=0, setName='atlas-ttxciy-shard-0', canonicalAddress=cluster0-shard-00-00.4wykh.mongodb.net:27017, hosts=[cluster0-shard-00-00.4wykh.mongodb.net:27017, cluster0-shard-00-01.4wykh.mongodb.net:27017, cluster0-shard-00-02.4wykh.mongodb.net:27017], passives=[], arbiters=[], primary='cluster0-shard-00-02.4wykh.mongodb.net:27017', tagSet=TagSet{[Tag{name='availabilityZone', value='aps1-az1'}, Tag{name='diskState', value='READY'}, Tag{name='nodeType', value='ELECTABLE'}, Tag{name='provider', value='AWS'}, Tag{name='region', value='AP_SOUTH_1'}, Tag{name='workloadType', value='OPERATIONAL'}]}, electionId=null, setVersion=184, topologyVersion=TopologyVersion{processId=67a7b8f74e9a57ae788910d0, counter=4}, lastWriteDate=Tue Feb 11 16:52:52 IST 2025, lastUpdateTimeNanos=348346359411700}
2025-02-11T16:52:52.393+05:30  INFO 9804 --- [chatbot] [ngodb.net:27017] org.mongodb.driver.cluster               : Monitor thread successfully connected to server with description ServerDescription{address=cluster0-shard-00-02.4wykh.mongodb.net:27017, type=REPLICA_SET_PRIMARY, cryptd=false, state=CONNECTED, ok=true, minWireVersion=0, maxWireVersion=25, maxDocumentSize=16777216, logicalSessionTimeoutMinutes=30, roundTripTimeNanos=653409600, minRoundTripTimeNanos=0, setName='atlas-ttxciy-shard-0', canonicalAddress=cluster0-shard-00-02.4wykh.mongodb.net:27017, hosts=[cluster0-shard-00-00.4wykh.mongodb.net:27017, cluster0-shard-00-01.4wykh.mongodb.net:27017, cluster0-shard-00-02.4wykh.mongodb.net:27017], passives=[], arbiters=[], primary='cluster0-shard-00-02.4wykh.mongodb.net:27017', tagSet=TagSet{[Tag{name='availabilityZone', value='aps1-az2'}, Tag{name='diskState', value='READY'}, Tag{name='nodeType', value='ELECTABLE'}, Tag{name='provider', value='AWS'}, Tag{name='region', value='AP_SOUTH_1'}, Tag{name='workloadType', value='OPERATIONAL'}]}, electionId=7fffffff0000000000000200, setVersion=184, topologyVersion=TopologyVersion{processId=67a7b80cd0f6dc9394069dfc, counter=6}, lastWriteDate=Tue Feb 11 16:52:52 IST 2025, lastUpdateTimeNanos=348346364799600}
2025-02-11T16:52:52.407+05:30  INFO 9804 --- [chatbot] [ngodb.net:27017] org.mongodb.driver.cluster               : Discovered replica set primary cluster0-shard-00-02.4wykh.mongodb.net:27017 with max election id 7fffffff0000000000000200 and max set version 184
2025-02-11T16:52:53.997+05:30  INFO 9804 --- [chatbot] [           main] chatbot.ChatbotApplicationTests          : Started ChatbotApplicationTests in 9.815 seconds (process running for 14.331)
]]></system-out>
    <system-err><![CDATA[Mockito is currently self-attaching to enable the inline-mock-maker. This will no longer work in future releases of the JDK. Please add Mockito as an agent to your build what is described in Mockito's documentation: https://javadoc.io/doc/org.mockito/mockito-core/latest/org/mockito/Mockito.html#0.3
WARNING: A Java agent has been loaded dynamically (C:\Users\vidhema\.m2\repository\net\bytebuddy\byte-buddy-agent\1.15.11\byte-buddy-agent-1.15.11.jar)
WARNING: If a serviceability tool is in use, please run with -XX:+EnableDynamicAgentLoading to hide this warning
WARNING: If a serviceability tool is not in use, please run with -Djdk.instrument.traceUsage for more information
WARNING: Dynamic loading of agents will be disallowed by default in a future release
]]></system-err>
  </testcase>
</testsuite>